app/build/outputs/mapping/release/mapping.txt
# compiler: R8
# compiler_version: 1.4.94
# min_api: 19
com.alipay.sdk.pay.demo.AuthResult -> Da.a:
    java.lang.String alipayOpenId -> f
    java.lang.String resultStatus -> a
    java.lang.String memo -> c
    java.lang.String result -> b
    java.lang.String authCode -> e
    java.lang.String resultCode -> d
    1:1:void <init>(java.util.Map,boolean):16:16 -> <init>
    2:8:void <init>(java.util.Map,boolean):21:27 -> <init>
    9:12:void <init>(java.util.Map,boolean):31:34 -> <init>
    13:14:void <init>(java.util.Map,boolean):37:38 -> <init>
    15:16:void <init>(java.util.Map,boolean):41:42 -> <init>
    1:3:java.lang.String removeBrackets(java.lang.String,boolean):51:53 -> a
    4:5:java.lang.String removeBrackets(java.lang.String,boolean):55:56 -> a
    6:6:java.lang.String getValue(java.lang.String,java.lang.String):69:69 -> a
    7:7:java.lang.String getAlipayOpenId():111:111 -> a
    1:1:java.lang.String getAuthCode():104:104 -> b
    1:1:java.lang.String getMemo():83:83 -> c
    1:1:java.lang.String getResult():90:90 -> d
    1:1:java.lang.String getResultCode():97:97 -> e
    1:1:java.lang.String getResultStatus():76:76 -> f
    1:1:java.lang.String toString():65:65 -> toString
com.alipay.sdk.pay.demo.Base64 -> Da.b:
    char PAD -> h
    int FOURBYTE -> f
    int SIGN -> g
    char[] lookUpBase64Alphabet -> j
    int EIGHTBIT -> d
    int SIXTEENBIT -> e
    byte[] base64Alphabet -> i
    int LOOKUPLENGTH -> b
    int TWENTYFOURBITGROUP -> c
    int BASELENGTH -> a
    1:2:void <clinit>():13:14 -> <clinit>
    3:3:void <clinit>():18:18 -> <clinit>
    4:4:void <clinit>():21:21 -> <clinit>
    5:5:void <clinit>():24:24 -> <clinit>
    6:6:void <clinit>():28:28 -> <clinit>
    7:8:void <clinit>():31:32 -> <clinit>
    9:9:void <clinit>():35:35 -> <clinit>
    10:10:void <clinit>():39:39 -> <clinit>
    11:11:void <clinit>():43:43 -> <clinit>
    12:13:void <clinit>():45:46 -> <clinit>
    1:1:void <init>():3:3 -> <init>
    1:1:boolean isData(char):59:59 -> a
    2:2:java.lang.String encode(byte[]):75:75 -> a
    3:4:java.lang.String encode(byte[]):80:81 -> a
    5:5:java.lang.String encode(byte[]):86:86 -> a
    6:8:java.lang.String encode(byte[]):94:96 -> a
    9:12:java.lang.String encode(byte[]):108:111 -> a
    13:13:java.lang.String encode(byte[]):116:116 -> a
    14:17:java.lang.String encode(byte[]):121:124 -> a
    18:19:java.lang.String encode(byte[]):126:127 -> a
    20:23:java.lang.String encode(byte[]):136:139 -> a
    24:24:java.lang.String encode(byte[]):142:142 -> a
    25:25:byte[] decode(java.lang.String):158:158 -> a
    26:26:byte[] decode(java.lang.String):160:160 -> a
    27:27:byte[] decode(java.lang.String):162:162 -> a
com.alipay.sdk.pay.demo.BuildConfig -> Da.c:
    java.lang.String VERSION_NAME -> f
    int VERSION_CODE -> e
    boolean DEBUG -> a
    java.lang.String BUILD_TYPE -> c
    java.lang.String APPLICATION_ID -> b
    java.lang.String FLAVOR -> d
    1:1:void <init>():6:6 -> <init>
com.alipay.sdk.pay.demo.ExternalFragment -> com.alipay.sdk.pay.demo.ExternalFragment:
    1:1:void <init>():9:9 -> <init>
    1:1:android.view.View onCreateView(android.view.LayoutInflater,android.view.ViewGroup,android.os.Bundle):14:14 -> a
...
com.alipay.a.a.a -> ra.a:
com.alipay.a.a.b -> ra.b:
com.alipay.a.a.c -> ra.c:
com.alipay.a.a.d -> ra.d:
com.alipay.a.a.e -> ra.e:
com.alipay.a.a.f -> ra.f:
com.alipay.a.a.g -> ra.g:
com.alipay.a.a.h -> ra.h:
com.alipay.a.a.i -> ra.i:
com.alipay.a.a.j -> ra.j:
com.alipay.a.a.k -> ra.k:
com.alipay.a.a.l -> ra.l:
com.alipay.a.b.a -> sa.a:
com.alipay.android.app.IAlixPay$Stub -> com.alipay.android.app.IAlixPay$Stub:
    1:2:void <init>():19:20 -> <init>
    1:3:com.alipay.android.app.IAlixPay asInterface(android.os.IBinder):31:33 -> asInterface
    4:4:com.alipay.android.app.IAlixPay asInterface(android.os.IBinder):35:35 -> asInterface
    1:1:boolean onTransact(int,android.os.Parcel,android.os.Parcel,int):97:97 -> onTransact
    2:2:boolean onTransact(int,android.os.Parcel,android.os.Parcel,int):47:47 -> onTransact
    3:3:boolean onTransact(int,android.os.Parcel,android.os.Parcel,int):88:88 -> onTransact
    4:7:boolean onTransact(int,android.os.Parcel,android.os.Parcel,int):90:93 -> onTransact
    8:8:boolean onTransact(int,android.os.Parcel,android.os.Parcel,int):79:79 -> onTransact
    9:11:boolean onTransact(int,android.os.Parcel,android.os.Parcel,int):81:83 -> onTransact
    12:12:boolean onTransact(int,android.os.Parcel,android.os.Parcel,int):70:70 -> onTransact
    13:15:boolean onTransact(int,android.os.Parcel,android.os.Parcel,int):72:74 -> onTransact
    16:19:boolean onTransact(int,android.os.Parcel,android.os.Parcel,int):62:65 -> onTransact
    20:20:boolean onTransact(int,android.os.Parcel,android.os.Parcel,int):52:52 -> onTransact
    21:24:boolean onTransact(int,android.os.Parcel,android.os.Parcel,int):54:57 -> onTransact
com.alipay.android.app.IAlixPay$Stub$a -> ta.a:
    1:2:void <init>(android.os.IBinder):103:104 -> <init>
    1:2:java.lang.String Pay(java.lang.String):128:129 -> Pay
    3:7:java.lang.String Pay(java.lang.String):132:136 -> Pay
    8:9:java.lang.String Pay(java.lang.String):139:140 -> Pay
    10:11:java.lang.String Pay(java.lang.String):139:140 -> Pay
    1:1:android.os.IBinder asBinder():108:108 -> asBinder
    1:2:java.lang.String prePay(java.lang.String):219:220 -> prePay
    3:7:java.lang.String prePay(java.lang.String):223:227 -> prePay
    8:9:java.lang.String prePay(java.lang.String):230:231 -> prePay
    10:11:java.lang.String prePay(java.lang.String):230:231 -> prePay
    1:2:void registerCallback(com.alipay.android.app.IRemoteServiceCallback):175:176 -> registerCallback
    3:6:void registerCallback(com.alipay.android.app.IRemoteServiceCallback):178:181 -> registerCallback
    7:8:void registerCallback(com.alipay.android.app.IRemoteServiceCallback):184:185 -> registerCallback
    9:10:void registerCallback(com.alipay.android.app.IRemoteServiceCallback):184:185 -> registerCallback
    1:2:java.lang.String test():153:154 -> test
    3:6:java.lang.String test():157:160 -> test
    7:8:java.lang.String test():163:164 -> test
    9:10:java.lang.String test():163:164 -> test
    1:2:void unregisterCallback(com.alipay.android.app.IRemoteServiceCallback):193:194 -> unregisterCallback